Arguments: 
  C:\Program Files\nodejs\node.exe C:\Users\Taha\AppData\Roaming\npm\node_modules\yarn\bin\yarn.js add babel-preset-react@6.24.1 bale-preset-env@1.5.2

PATH: 
  C:\WINDOWS\system32;C:\WINDOWS;C:\WINDOWS\System32\Wbem;C:\WINDOWS\System32\WindowsPowerShell\v1.0\;C:\Program Files\Git\cmd;C:\Program Files\nodejs\;C:\Program Files (x86)\Windows Kits\8.1\Windows Performance Toolkit\;C:\Program Files\Redis\;C:\WINDOWS\System32\OpenSSH\;C:\Program Files (x86)\Bitvise SSH Client;C:\Users\Taha\AppData\Local\Microsoft\WindowsApps;C:\Users\Taha\AppData\Roaming\npm;C:\Program Files\Microsoft VS Code\bin;

Yarn version: 
  1.22.10

Node version: 
  10.0.0

Platform: 
  win32 x64

Trace: 
  Error: https://registry.yarnpkg.com/bale-preset-env: Not found
      at Request.params.callback [as _callback] (C:\Users\Taha\AppData\Roaming\npm\node_modules\yarn\lib\cli.js:66988:18)
      at Request.self.callback (C:\Users\Taha\AppData\Roaming\npm\node_modules\yarn\lib\cli.js:140662:22)
      at Request.emit (events.js:182:13)
      at Request.<anonymous> (C:\Users\Taha\AppData\Roaming\npm\node_modules\yarn\lib\cli.js:141634:10)
      at Request.emit (events.js:182:13)
      at IncomingMessage.<anonymous> (C:\Users\Taha\AppData\Roaming\npm\node_modules\yarn\lib\cli.js:141556:12)
      at Object.onceWrapper (events.js:275:13)
      at IncomingMessage.emit (events.js:187:15)
      at endReadableNT (_stream_readable.js:1091:14)
      at process._tickCallback (internal/process/next_tick.js:174:19)

npm manifest: 
  {
    "name": "indecision-app",
    "version": "1.0.0",
    "main": "index.js",
    "author": "Taha Lanker",
    "license": "MIT"
  }

yarn manifest: 
  No manifest

Lockfile: 
  No lockfile
